2024-12-04 11:49:57.149 [INFO ] [openhab.event.ItemCommandEvent      ] - Item 'Simulated_DoorSensor' received command ON
2024-12-04 11:49:57.152 [INFO ] [openhab.event.ItemStateChangedEvent ] - Item 'Simulated_DoorSensor' changed from NULL to ON
2024-12-04 11:49:57.275 [INFO ] [openhab.event.ItemCommandEvent      ] - Item 'Intrusion_Alert' received command ON
2024-12-04 11:49:57.277 [INFO ] [openhab.event.ItemStateChangedEvent ] - Item 'Intrusion_Alert' changed from NULL to ON
2024-12-04 11:49:58.825 [INFO ] [openhab.event.ItemCommandEvent      ] - Item 'Simulated_DoorSensor' received command OFF
2024-12-04 11:49:58.827 [INFO ] [openhab.event.ItemStateChangedEvent ] - Item 'Simulated_DoorSensor' changed from ON to OFF
2024-12-04 11:50:00.149 [INFO ] [openhab.event.ItemCommandEvent      ] - Item 'Simulated_WindowSensor' received command ON
2024-12-04 11:50:00.150 [INFO ] [openhab.event.ItemStateChangedEvent ] - Item 'Simulated_WindowSensor' changed from NULL to ON
2024-12-04 11:50:00.152 [INFO ] [openhab.event.ItemCommandEvent      ] - Item 'Intrusion_Alert' received command ON
2024-12-04 11:50:01.852 [INFO ] [openhab.event.ItemCommandEvent      ] - Item 'Simulated_WindowSensor' received command OFF
2024-12-04 11:50:01.853 [INFO ] [openhab.event.ItemStateChangedEvent ] - Item 'Simulated_WindowSensor' changed from ON to OFF
2024-12-04 11:50:02.905 [INFO ] [openhab.event.ItemCommandEvent      ] - Item 'Intrusion_Alert' received command OFF
2024-12-04 11:50:02.905 [INFO ] [openhab.event.ItemStateChangedEvent ] - Item 'Intrusion_Alert' changed from ON to OFF
2024-12-04 11:50:04.503 [INFO ] [openhab.event.ItemCommandEvent      ] - Item 'Simulated_DoorSensor' received command ON
2024-12-04 11:50:04.503 [INFO ] [openhab.event.ItemStateChangedEvent ] - Item 'Simulated_DoorSensor' changed from OFF to ON
2024-12-04 11:50:04.508 [INFO ] [openhab.event.ItemCommandEvent      ] - Item 'Intrusion_Alert' received command ON
2024-12-04 11:50:04.508 [INFO ] [openhab.event.ItemStateChangedEvent ] - Item 'Intrusion_Alert' changed from OFF to ON
2024-12-04 11:50:05.486 [INFO ] [openhab.event.ItemCommandEvent      ] - Item 'Simulated_DoorSensor' received command OFF
2024-12-04 11:50:05.486 [INFO ] [openhab.event.ItemStateChangedEvent ] - Item 'Simulated_DoorSensor' changed from ON to OFF
2024-12-04 11:50:06.769 [INFO ] [openhab.event.ItemCommandEvent      ] - Item 'Simulated_WindowSensor' received command ON
2024-12-04 11:50:06.769 [INFO ] [openhab.event.ItemStateChangedEvent ] - Item 'Simulated_WindowSensor' changed from OFF to ON
2024-12-04 11:50:06.771 [INFO ] [openhab.event.ItemCommandEvent      ] - Item 'Intrusion_Alert' received command ON
2024-12-04 11:50:07.332 [INFO ] [openhab.event.ItemCommandEvent      ] - Item 'Simulated_WindowSensor' received command OFF
2024-12-04 11:50:07.332 [INFO ] [openhab.event.ItemStateChangedEvent ] - Item 'Simulated_WindowSensor' changed from ON to OFF
2024-12-04 11:50:24.043 [INFO ] [openhab.event.ItemCommandEvent      ] - Item 'Simulated_MotionSensor' received command ON
2024-12-04 11:50:24.044 [INFO ] [openhab.event.ItemStateChangedEvent ] - Item 'Simulated_MotionSensor' changed from NULL to ON
2024-12-04 11:50:25.437 [INFO ] [openhab.event.ItemCommandEvent      ] - Item 'Simulated_MotionSensor' received command OFF
2024-12-04 11:50:25.438 [INFO ] [openhab.event.ItemStateChangedEvent ] - Item 'Simulated_MotionSensor' changed from ON to OFF
2024-12-04 11:50:26.727 [INFO ] [openhab.event.ItemCommandEvent      ] - Item 'Manual_Light_Switch' received command ON
2024-12-04 11:50:26.729 [INFO ] [openhab.event.ItemStateChangedEvent ] - Item 'Manual_Light_Switch' changed from NULL to ON
2024-12-04 11:50:26.731 [INFO ] [openhab.event.ItemCommandEvent      ] - Item 'Light_Controlled' received command ON
2024-12-04 11:50:26.732 [INFO ] [openhab.event.ItemStateChangedEvent ] - Item 'Light_Controlled' changed from NULL to ON
2024-12-04 11:50:27.906 [INFO ] [openhab.event.ItemCommandEvent      ] - Item 'Manual_Light_Switch' received command OFF
2024-12-04 11:50:27.906 [INFO ] [openhab.event.ItemStateChangedEvent ] - Item 'Manual_Light_Switch' changed from ON to OFF
2024-12-04 11:50:27.908 [INFO ] [openhab.event.ItemCommandEvent      ] - Item 'Light_Controlled' received command OFF
2024-12-04 11:50:27.908 [INFO ] [openhab.event.ItemStateChangedEvent ] - Item 'Light_Controlled' changed from ON to OFF
2024-12-04 11:50:31.322 [INFO ] [openhab.event.ItemCommandEvent      ] - Item 'Simulated_MotionSensor' received command ON
2024-12-04 11:50:31.322 [INFO ] [openhab.event.ItemStateChangedEvent ] - Item 'Simulated_MotionSensor' changed from OFF to ON
2024-12-04 11:50:31.325 [INFO ] [openhab.event.ItemCommandEvent      ] - Item 'Light_Controlled' received command ON
2024-12-04 11:50:31.325 [INFO ] [openhab.event.ItemStateChangedEvent ] - Item 'Light_Controlled' changed from OFF to ON
2024-12-04 11:50:32.513 [INFO ] [openhab.event.ItemCommandEvent      ] - Item 'Simulated_MotionSensor' received command OFF
2024-12-04 11:50:32.513 [INFO ] [openhab.event.ItemStateChangedEvent ] - Item 'Simulated_MotionSensor' changed from ON to OFF
2024-12-04 11:51:25.456 [INFO ] [openhab.event.ItemCommandEvent      ] - Item 'Light_Controlled' received command OFF
2024-12-04 11:51:25.457 [INFO ] [openhab.event.ItemCommandEvent      ] - Item 'Light_Controlled' received command OFF
2024-12-04 11:51:25.457 [INFO ] [openhab.event.ItemStateChangedEvent ] - Item 'Light_Controlled' changed from ON to OFF
2024-12-04 11:51:29.764 [INFO ] [openhab.event.ItemCommandEvent      ] - Item 'Intrusion_Alert' received command OFF
2024-12-04 11:51:29.765 [INFO ] [openhab.event.ItemStateChangedEvent ] - Item 'Intrusion_Alert' changed from ON to OFF
2024-12-04 11:51:31.786 [INFO ] [openhab.event.ItemCommandEvent      ] - Item 'Manual_Light_Switch' received command ON
2024-12-04 11:51:31.787 [INFO ] [openhab.event.ItemStateChangedEvent ] - Item 'Manual_Light_Switch' changed from OFF to ON
2024-12-04 11:51:31.788 [INFO ] [openhab.event.ItemCommandEvent      ] - Item 'Light_Controlled' received command ON
2024-12-04 11:51:31.788 [INFO ] [openhab.event.ItemStateChangedEvent ] - Item 'Light_Controlled' changed from OFF to ON
2024-12-04 11:51:33.655 [INFO ] [openhab.event.ItemCommandEvent      ] - Item 'Manual_Light_Switch' received command OFF
2024-12-04 11:51:33.655 [INFO ] [openhab.event.ItemStateChangedEvent ] - Item 'Manual_Light_Switch' changed from ON to OFF
2024-12-04 11:51:33.657 [INFO ] [openhab.event.ItemCommandEvent      ] - Item 'Light_Controlled' received command OFF
2024-12-04 11:51:33.657 [INFO ] [openhab.event.ItemStateChangedEvent ] - Item 'Light_Controlled' changed from ON to OFF
2024-12-04 12:44:08.622 [INFO ] [openhab.event.ItemCommandEvent      ] - Item 'Simulated_WindowSensor' received command ON
2024-12-04 12:44:08.622 [INFO ] [openhab.event.ItemStateChangedEvent ] - Item 'Simulated_WindowSensor' changed from OFF to ON
2024-12-04 12:44:08.628 [INFO ] [openhab.event.ItemCommandEvent      ] - Item 'Intrusion_Alert' received command ON
2024-12-04 12:44:08.628 [INFO ] [openhab.event.ItemStateChangedEvent ] - Item 'Intrusion_Alert' changed from OFF to ON
2024-12-04 12:44:11.922 [INFO ] [openhab.event.ItemCommandEvent      ] - Item 'Intrusion_Alert' received command OFF
2024-12-04 12:44:11.922 [INFO ] [openhab.event.ItemStateChangedEvent ] - Item 'Intrusion_Alert' changed from ON to OFF
2024-12-04 12:44:13.752 [INFO ] [openhab.event.ItemCommandEvent      ] - Item 'Simulated_WindowSensor' received command OFF
2024-12-04 12:44:13.752 [INFO ] [openhab.event.ItemStateChangedEvent ] - Item 'Simulated_WindowSensor' changed from ON to OFF
2024-12-04 12:44:14.991 [INFO ] [openhab.event.ItemCommandEvent      ] - Item 'Simulated_DoorSensor' received command ON
2024-12-04 12:44:14.992 [INFO ] [openhab.event.ItemStateChangedEvent ] - Item 'Simulated_DoorSensor' changed from OFF to ON
2024-12-04 12:44:14.993 [INFO ] [openhab.event.ItemCommandEvent      ] - Item 'Intrusion_Alert' received command ON
2024-12-04 12:44:14.994 [INFO ] [openhab.event.ItemStateChangedEvent ] - Item 'Intrusion_Alert' changed from OFF to ON
2024-12-04 12:44:18.409 [INFO ] [openhab.event.ItemCommandEvent      ] - Item 'Simulated_DoorSensor' received command OFF
2024-12-04 12:44:18.409 [INFO ] [openhab.event.ItemStateChangedEvent ] - Item 'Simulated_DoorSensor' changed from ON to OFF
2024-12-04 12:44:20.844 [INFO ] [openhab.event.ItemCommandEvent      ] - Item 'Intrusion_Alert' received command OFF
2024-12-04 12:44:20.845 [INFO ] [openhab.event.ItemStateChangedEvent ] - Item 'Intrusion_Alert' changed from ON to OFF
2024-12-04 12:44:28.164 [INFO ] [openhab.event.ItemCommandEvent      ] - Item 'Manual_Light_Switch' received command ON
2024-12-04 12:44:28.164 [INFO ] [openhab.event.ItemStateChangedEvent ] - Item 'Manual_Light_Switch' changed from OFF to ON
2024-12-04 12:44:28.168 [INFO ] [openhab.event.ItemCommandEvent      ] - Item 'Light_Controlled' received command ON
2024-12-04 12:44:28.168 [INFO ] [openhab.event.ItemStateChangedEvent ] - Item 'Light_Controlled' changed from OFF to ON
2024-12-04 12:44:30.619 [INFO ] [openhab.event.ItemCommandEvent      ] - Item 'Manual_Light_Switch' received command OFF
2024-12-04 12:44:30.619 [INFO ] [openhab.event.ItemStateChangedEvent ] - Item 'Manual_Light_Switch' changed from ON to OFF
2024-12-04 12:44:30.622 [INFO ] [openhab.event.ItemCommandEvent      ] - Item 'Light_Controlled' received command OFF
2024-12-04 12:44:30.624 [INFO ] [openhab.event.ItemStateChangedEvent ] - Item 'Light_Controlled' changed from ON to OFF
2024-12-04 12:44:34.114 [INFO ] [openhab.event.ItemCommandEvent      ] - Item 'Simulated_MotionSensor' received command ON
2024-12-04 12:44:34.118 [INFO ] [openhab.event.ItemStateChangedEvent ] - Item 'Simulated_MotionSensor' changed from OFF to ON
2024-12-04 12:44:34.119 [INFO ] [openhab.event.ItemCommandEvent      ] - Item 'Light_Controlled' received command ON
2024-12-04 12:44:34.122 [INFO ] [openhab.event.ItemStateChangedEvent ] - Item 'Light_Controlled' changed from OFF to ON
2024-12-04 12:44:37.516 [INFO ] [openhab.event.ItemCommandEvent      ] - Item 'Simulated_MotionSensor' received command OFF
2024-12-04 12:44:37.517 [INFO ] [openhab.event.ItemStateChangedEvent ] - Item 'Simulated_MotionSensor' changed from ON to OFF
2024-12-04 12:45:37.535 [INFO ] [openhab.event.ItemCommandEvent      ] - Item 'Light_Controlled' received command OFF
2024-12-04 12:45:37.535 [INFO ] [openhab.event.ItemCommandEvent      ] - Item 'Light_Controlled' received command OFF
2024-12-04 12:45:37.535 [INFO ] [openhab.event.ItemStateChangedEvent ] - Item 'Light_Controlled' changed from ON to OFF
